TN:
SF:E:\uni\ЛКС\lab3\src\index.js
FN:10,returnFirstArgument
FN:20,defaultParameterValue
FN:31,returnArgumentsArray
FN:41,returnFnResult
FN:51,returnCounter
FN:52,F
FN:65,bindFunction
FN:74,forEach
FN:84,map
FN:96,reduce
FN:114,deleteProperty
FN:123,hasProperty
FN:134,getEnumProps
FN:146,upperProps
FN:158,slice
FN:175,isAllTrue
FN:196,isSomeTrue
FN:216,returnBadArguments
FN:246,calculator
FN:249,(anonymous_19)
FN:253,(anonymous_20)
FN:257,(anonymous_21)
FN:264,(anonymous_22)
FNF:23
FNH:23
FNDA:1,returnFirstArgument
FNDA:2,defaultParameterValue
FNDA:2,returnArgumentsArray
FNDA:1,returnFnResult
FNDA:3,returnCounter
FNDA:6,F
FNDA:2,bindFunction
FNDA:3,forEach
FNDA:5,map
FNDA:11,reduce
FNDA:1,deleteProperty
FNDA:2,hasProperty
FNDA:1,getEnumProps
FNDA:1,upperProps
FNDA:17,slice
FNDA:5,isAllTrue
FNDA:4,isSomeTrue
FNDA:4,returnBadArguments
FNDA:8,calculator
FNDA:2,(anonymous_19)
FNDA:1,(anonymous_20)
FNDA:2,(anonymous_21)
FNDA:1,(anonymous_22)
DA:11,1
DA:21,2
DA:22,1
DA:32,2
DA:33,2
DA:42,1
DA:52,3
DA:53,6
DA:54,0
DA:66,2
DA:75,3
DA:76,21
DA:85,5
DA:86,5
DA:87,29
DA:89,5
DA:98,11
DA:99,11
DA:100,7
DA:101,7
DA:102,4
DA:103,11
DA:104,68
DA:106,11
DA:115,1
DA:124,2
DA:125,2
DA:127,1
DA:135,1
DA:136,1
DA:137,2
DA:139,1
DA:147,1
DA:148,1
DA:149,2
DA:151,1
DA:161,17
DA:177,5
DA:179,3
DA:181,2
DA:182,13
DA:184,2
DA:198,4
DA:200,2
DA:202,1
DA:203,1
DA:205,0
DA:218,4
DA:219,4
DA:220,3
DA:221,16
DA:222,16
DA:225,3
DA:228,3
DA:247,8
DA:248,7
DA:250,11
DA:251,2
DA:254,7
DA:255,1
DA:258,2
DA:259,16
DA:260,15
DA:262,1
DA:265,6
DA:266,1
DA:269,7
LF:67
LH:65
BRDA:21,0,0,1
BRDA:21,0,1,1
BRDA:51,1,0,2
BRDA:53,2,0,6
BRDA:53,2,1,0
BRDA:99,3,0,7
BRDA:99,3,1,4
BRDA:125,4,0,1
BRDA:125,4,1,1
BRDA:177,5,0,2
BRDA:177,5,1,3
BRDA:177,6,0,5
BRDA:177,6,1,4
BRDA:179,7,0,1
BRDA:179,7,1,2
BRDA:182,8,0,0
BRDA:182,8,1,13
BRDA:198,9,0,2
BRDA:198,9,1,2
BRDA:198,10,0,4
BRDA:198,10,1,3
BRDA:200,11,0,1
BRDA:200,11,1,1
BRDA:203,12,0,1
BRDA:203,12,1,0
BRDA:219,13,0,1
BRDA:219,13,1,3
BRDA:246,14,0,2
BRDA:247,15,0,1
BRDA:247,15,1,7
BRDA:259,16,0,1
BRDA:259,16,1,15
BRF:32
BRH:29
end_of_record
